<?xml version="1.0" encoding="UTF-8"?>
<testng-results skipped="0" failed="1" ignored="0" total="1" passed="0">
  <reporter-output>
    <line>
      <![CDATA[Default test started]]>
    </line>
    <line>
      <![CDATA[flipkartLogout method Started]]>
    </line>
    <line>
      <![CDATA[Login  is Displyed]]>
    </line>
    <line>
      <![CDATA[flipkartLogout method Failed]]>
    </line>
  </reporter-output>
  <suite name="Default suite" duration-ms="53442" started-at="2020-08-20T17:13:58 IST" finished-at="2020-08-20T17:14:51 IST">
    <groups>
    </groups>
    <test name="Default test" duration-ms="53442" started-at="2020-08-20T17:13:58 IST" finished-at="2020-08-20T17:14:51 IST">
      <class name="com.FlipKart.Home.FlipLogout">
        <test-method status="PASS" signature="openBrowser()[pri:0, instance:com.FlipKart.Home.FlipLogout@15d0c81b]" name="openBrowser" is-config="true" duration-ms="39584" started-at="2020-08-20T17:13:58 IST" finished-at="2020-08-20T17:14:37 IST">
          <reporter-output>
          </reporter-output>
        </test-method> <!-- openBrowser -->
        <test-method status="FAIL" signature="flipkartLogout()[pri:0, instance:com.FlipKart.Home.FlipLogout@15d0c81b]" name="flipkartLogout" duration-ms="6034" started-at="2020-08-20T17:14:37 IST" finished-at="2020-08-20T17:14:43 IST">
          <exception class="java.lang.AssertionError">
            <message>
              <![CDATA[null]]>
            </message>
            <full-stacktrace>
              <![CDATA[java.lang.AssertionError: null
at org.testng.Assert.fail(Assert.java:99)
at org.testng.Assert.fail(Assert.java:106)
at com.FlipKart.Home.FlipLogout.flipkartLogout(FlipLogout.java:21)
at sun.reflect.NativeMethodAccessorImpl.invoke0(Native Method)
at sun.reflect.NativeMethodAccessorImpl.invoke(NativeMethodAccessorImpl.java:62)
at sun.reflect.DelegatingMethodAccessorImpl.invoke(DelegatingMethodAccessorImpl.java:43)
at java.lang.reflect.Method.invoke(Method.java:498)
at org.testng.internal.MethodInvocationHelper.invokeMethod(MethodInvocationHelper.java:132)
at org.testng.internal.TestInvoker.invokeMethod(TestInvoker.java:599)
at org.testng.internal.TestInvoker.invokeTestMethod(TestInvoker.java:174)
at org.testng.internal.MethodRunner.runInSequence(MethodRunner.java:46)
at org.testng.internal.TestInvoker$MethodInvocationAgent.invoke(TestInvoker.java:822)
at org.testng.internal.TestInvoker.invokeTestMethods(TestInvoker.java:147)
at org.testng.internal.TestMethodWorker.invokeTestMethods(TestMethodWorker.java:146)
at org.testng.internal.TestMethodWorker.run(TestMethodWorker.java:128)
at java.util.ArrayList.forEach(ArrayList.java:1249)
at org.testng.TestRunner.privateRun(TestRunner.java:764)
at org.testng.TestRunner.run(TestRunner.java:585)
at org.testng.SuiteRunner.runTest(SuiteRunner.java:384)
at org.testng.SuiteRunner.runSequentially(SuiteRunner.java:378)
at org.testng.SuiteRunner.privateRun(SuiteRunner.java:337)
at org.testng.SuiteRunner.run(SuiteRunner.java:286)
at org.testng.SuiteRunnerWorker.runSuite(SuiteRunnerWorker.java:53)
at org.testng.SuiteRunnerWorker.run(SuiteRunnerWorker.java:96)
at org.testng.TestNG.runSuitesSequentially(TestNG.java:1218)
at org.testng.TestNG.runSuitesLocally(TestNG.java:1140)
at org.testng.TestNG.runSuites(TestNG.java:1069)
at org.testng.TestNG.run(TestNG.java:1037)
at org.testng.remote.AbstractRemoteTestNG.run(AbstractRemoteTestNG.java:115)
at org.testng.remote.RemoteTestNG.initAndRun(RemoteTestNG.java:251)
at org.testng.remote.RemoteTestNG.main(RemoteTestNG.java:77)
]]>
            </full-stacktrace>
          </exception> <!-- java.lang.AssertionError -->
          <reporter-output>
            <line>
              <![CDATA[flipkartLogout method Started]]>
            </line>
            <line>
              <![CDATA[Login  is Displyed]]>
            </line>
            <line>
              <![CDATA[flipkartLogout method Failed]]>
            </line>
          </reporter-output>
        </test-method> <!-- flipkartLogout -->
      </class> <!-- com.FlipKart.Home.FlipLogout -->
    </test> <!-- Default test -->
  </suite> <!-- Default suite -->
</testng-results>
